running egg_info
creating ../../build/saved_image_publisher/saved_image_publisher.egg-info
writing ../../build/saved_image_publisher/saved_image_publisher.egg-info/PKG-INFO
writing dependency_links to ../../build/saved_image_publisher/saved_image_publisher.egg-info/dependency_links.txt
writing requirements to ../../build/saved_image_publisher/saved_image_publisher.egg-info/requires.txt
writing top-level names to ../../build/saved_image_publisher/saved_image_publisher.egg-info/top_level.txt
writing manifest file '../../build/saved_image_publisher/saved_image_publisher.egg-info/SOURCES.txt'
reading manifest file '../../build/saved_image_publisher/saved_image_publisher.egg-info/SOURCES.txt'
writing manifest file '../../build/saved_image_publisher/saved_image_publisher.egg-info/SOURCES.txt'
running build
running build_py
creating /home/rasp7/ws_publish/build/saved_image_publisher/build
creating /home/rasp7/ws_publish/build/saved_image_publisher/build/lib
creating /home/rasp7/ws_publish/build/saved_image_publisher/build/lib/saved_image_publisher
copying saved_image_publisher/image_sender.py -> /home/rasp7/ws_publish/build/saved_image_publisher/build/lib/saved_image_publisher
copying saved_image_publisher/__init__.py -> /home/rasp7/ws_publish/build/saved_image_publisher/build/lib/saved_image_publisher
running install
running install_lib
creating /home/rasp7/ws_publish/install/saved_image_publisher/lib/python3.11/site-packages/saved_image_publisher
copying /home/rasp7/ws_publish/build/saved_image_publisher/build/lib/saved_image_publisher/image_sender.py -> /home/rasp7/ws_publish/install/saved_image_publisher/lib/python3.11/site-packages/saved_image_publisher
copying /home/rasp7/ws_publish/build/saved_image_publisher/build/lib/saved_image_publisher/__init__.py -> /home/rasp7/ws_publish/install/saved_image_publisher/lib/python3.11/site-packages/saved_image_publisher
byte-compiling /home/rasp7/ws_publish/install/saved_image_publisher/lib/python3.11/site-packages/saved_image_publisher/image_sender.py to image_sender.cpython-311.pyc
byte-compiling /home/rasp7/ws_publish/install/saved_image_publisher/lib/python3.11/site-packages/saved_image_publisher/__init__.py to __init__.cpython-311.pyc
running install_data
creating /home/rasp7/ws_publish/install/saved_image_publisher/share/ament_index
creating /home/rasp7/ws_publish/install/saved_image_publisher/share/ament_index/resource_index
creating /home/rasp7/ws_publish/install/saved_image_publisher/share/ament_index/resource_index/packages
copying resource/saved_image_publisher -> /home/rasp7/ws_publish/install/saved_image_publisher/share/ament_index/resource_index/packages
copying package.xml -> /home/rasp7/ws_publish/install/saved_image_publisher/share/saved_image_publisher
running install_egg_info
Copying ../../build/saved_image_publisher/saved_image_publisher.egg-info to /home/rasp7/ws_publish/install/saved_image_publisher/lib/python3.11/site-packages/saved_image_publisher-0.0.0-py3.11.egg-info
running install_scripts
writing list of installed files to '/home/rasp7/ws_publish/build/saved_image_publisher/install.log'
