[0.262s] DEBUG:colcon:Command line arguments: ['/usr/bin/colcon', 'build']
[0.262s] DEBUG:colcon:Parsed command line arguments: Namespace(log_base=None, log_level=None, verb_name='build', build_base='build', install_base='install', merge_install=False, symlink_install=False, test_result_base=None, continue_on_error=False, executor='parallel', parallel_workers=4, event_handlers=None, ignore_user_meta=False, metas=['./colcon.meta'], base_paths=['.'], packages_ignore=None, packages_ignore_regex=None, paths=None, packages_up_to=None, packages_up_to_regex=None, packages_above=None, packages_above_and_dependencies=None, packages_above_depth=None, packages_select_by_dep=None, packages_skip_by_dep=None, packages_skip_up_to=None, packages_select_build_failed=False, packages_skip_build_finished=False, packages_select_test_failures=False, packages_skip_test_passed=False, packages_select=None, packages_skip=None, packages_select_regex=None, packages_skip_regex=None, packages_start=None, packages_end=None, allow_overriding=[], cmake_args=None, cmake_target=None, cmake_target_skip_unavailable=False, cmake_clean_cache=False, cmake_clean_first=False, cmake_force_configure=False, ament_cmake_args=None, catkin_cmake_args=None, catkin_skip_building_tests=False, verb_parser=<colcon_defaults.argument_parser.defaults.DefaultArgumentsDecorator object at 0x7ffed6c21d10>, verb_extension=<colcon_core.verb.build.BuildVerb object at 0x7ffed6c12550>, main=<bound method BuildVerb.main of <colcon_core.verb.build.BuildVerb object at 0x7ffed6c12550>>)
[0.584s] Level 1:colcon.colcon_core.package_discovery:discover_packages(colcon_meta) check parameters
[0.584s] Level 1:colcon.colcon_core.package_discovery:discover_packages(recursive) check parameters
[0.584s] Level 1:colcon.colcon_core.package_discovery:discover_packages(ignore) check parameters
[0.584s] Level 1:colcon.colcon_core.package_discovery:discover_packages(path) check parameters
[0.584s] Level 1:colcon.colcon_core.package_discovery:discover_packages(colcon_meta) discover
[0.584s] Level 1:colcon.colcon_core.package_discovery:discover_packages(recursive) discover
[0.585s] INFO:colcon.colcon_core.package_discovery:Crawling recursively for packages in '/home/rasp7/ws_publish'
[0.585s] Level 1:colcon.colcon_core.package_identification:_identify(.) by extensions ['ignore', 'ignore_ament_install']
[0.585s] Level 1:colcon.colcon_core.package_identification:_identify(.) by extension 'ignore'
[0.585s] Level 1:colcon.colcon_core.package_identification:_identify(.) by extension 'ignore_ament_install'
[0.585s] Level 1:colcon.colcon_core.package_identification:_identify(.) by extensions ['colcon_pkg']
[0.585s] Level 1:colcon.colcon_core.package_identification:_identify(.) by extension 'colcon_pkg'
[0.585s] Level 1:colcon.colcon_core.package_identification:_identify(.) by extensions ['colcon_meta']
[0.585s] Level 1:colcon.colcon_core.package_identification:_identify(.) by extension 'colcon_meta'
[0.585s] Level 1:colcon.colcon_core.package_identification:_identify(.) by extensions ['ros']
[0.585s] Level 1:colcon.colcon_core.package_identification:_identify(.) by extension 'ros'
[0.611s] Level 1:colcon.colcon_core.package_identification:_identify(.) by extensions ['cmake', 'python']
[0.611s] Level 1:colcon.colcon_core.package_identification:_identify(.) by extension 'cmake'
[0.611s] Level 1:colcon.colcon_core.package_identification:_identify(.) by extension 'python'
[0.611s] Level 1:colcon.colcon_core.package_identification:_identify(.) by extensions ['python_setup_py']
[0.611s] Level 1:colcon.colcon_core.package_identification:_identify(.) by extension 'python_setup_py'
[0.611s] Level 1:colcon.colcon_core.package_identification:_identify(build) by extensions ['ignore', 'ignore_ament_install']
[0.611s] Level 1:colcon.colcon_core.package_identification:_identify(build) by extension 'ignore'
[0.611s] Level 1:colcon.colcon_core.package_identification:_identify(build) ignored
[0.611s] Level 1:colcon.colcon_core.package_identification:_identify(install) by extensions ['ignore', 'ignore_ament_install']
[0.611s] Level 1:colcon.colcon_core.package_identification:_identify(install) by extension 'ignore'
[0.611s] Level 1:colcon.colcon_core.package_identification:_identify(install) ignored
[0.612s] Level 1:colcon.colcon_core.package_identification:_identify(log) by extensions ['ignore', 'ignore_ament_install']
[0.612s] Level 1:colcon.colcon_core.package_identification:_identify(log) by extension 'ignore'
[0.612s] Level 1:colcon.colcon_core.package_identification:_identify(log) ignored
[0.612s] Level 1:colcon.colcon_core.package_identification:_identify(src) by extensions ['ignore', 'ignore_ament_install']
[0.612s] Level 1:colcon.colcon_core.package_identification:_identify(src) by extension 'ignore'
[0.612s] Level 1:colcon.colcon_core.package_identification:_identify(src) by extension 'ignore_ament_install'
[0.612s] Level 1:colcon.colcon_core.package_identification:_identify(src) by extensions ['colcon_pkg']
[0.612s] Level 1:colcon.colcon_core.package_identification:_identify(src) by extension 'colcon_pkg'
[0.612s] Level 1:colcon.colcon_core.package_identification:_identify(src) by extensions ['colcon_meta']
[0.612s] Level 1:colcon.colcon_core.package_identification:_identify(src) by extension 'colcon_meta'
[0.612s] Level 1:colcon.colcon_core.package_identification:_identify(src) by extensions ['ros']
[0.612s] Level 1:colcon.colcon_core.package_identification:_identify(src) by extension 'ros'
[0.612s] Level 1:colcon.colcon_core.package_identification:_identify(src) by extensions ['cmake', 'python']
[0.612s] Level 1:colcon.colcon_core.package_identification:_identify(src) by extension 'cmake'
[0.612s] Level 1:colcon.colcon_core.package_identification:_identify(src) by extension 'python'
[0.612s] Level 1:colcon.colcon_core.package_identification:_identify(src) by extensions ['python_setup_py']
[0.612s] Level 1:colcon.colcon_core.package_identification:_identify(src) by extension 'python_setup_py'
[0.612s] Level 1:colcon.colcon_core.package_identification:_identify(src/saved_image_publisher) by extensions ['ignore', 'ignore_ament_install']
[0.612s] Level 1:colcon.colcon_core.package_identification:_identify(src/saved_image_publisher) by extension 'ignore'
[0.612s] Level 1:colcon.colcon_core.package_identification:_identify(src/saved_image_publisher) by extension 'ignore_ament_install'
[0.612s] Level 1:colcon.colcon_core.package_identification:_identify(src/saved_image_publisher) by extensions ['colcon_pkg']
[0.612s] Level 1:colcon.colcon_core.package_identification:_identify(src/saved_image_publisher) by extension 'colcon_pkg'
[0.612s] Level 1:colcon.colcon_core.package_identification:_identify(src/saved_image_publisher) by extensions ['colcon_meta']
[0.612s] Level 1:colcon.colcon_core.package_identification:_identify(src/saved_image_publisher) by extension 'colcon_meta'
[0.612s] Level 1:colcon.colcon_core.package_identification:_identify(src/saved_image_publisher) by extensions ['ros']
[0.612s] Level 1:colcon.colcon_core.package_identification:_identify(src/saved_image_publisher) by extension 'ros'
[0.615s] DEBUG:colcon.colcon_core.package_identification:Package 'src/saved_image_publisher' with type 'ros.ament_python' and name 'saved_image_publisher'
[0.615s] Level 1:colcon.colcon_core.package_discovery:discover_packages(recursive) using defaults
[0.615s] Level 1:colcon.colcon_core.package_discovery:discover_packages(ignore) discover
[0.615s] Level 1:colcon.colcon_core.package_discovery:discover_packages(ignore) using defaults
[0.615s] Level 1:colcon.colcon_core.package_discovery:discover_packages(path) discover
[0.615s] Level 1:colcon.colcon_core.package_discovery:discover_packages(path) using defaults
[0.664s] Level 1:colcon.colcon_core.package_discovery:discover_packages(prefix_path) check parameters
[0.664s] Level 1:colcon.colcon_core.package_discovery:discover_packages(prefix_path) discover
[0.675s] WARNING:colcon.colcon_ros.prefix_path.catkin:The path '/opt/ros/humble' in the environment variable CMAKE_PREFIX_PATH doesn't exist
[0.676s] DEBUG:colcon.colcon_installed_package_information.package_discovery:Found 1 installed packages in /home/rasp7/ws_publish/install
[0.677s] DEBUG:colcon.colcon_installed_package_information.package_discovery:Found 1 installed packages in /home/rasp7/colcon_ws_fork/install
[0.677s] DEBUG:colcon.colcon_installed_package_information.package_discovery:Found 1 installed packages in /home/rasp7/install
[0.678s] DEBUG:colcon.colcon_installed_package_information.package_discovery:Found 23 installed packages in /home/rasp7/ament_ws/install
[0.678s] DEBUG:colcon.colcon_installed_package_information.package_discovery:Found 1 installed packages in /home/rasp7/opencv_tools/install
[0.679s] DEBUG:colcon.colcon_installed_package_information.package_discovery:Found 5 installed packages in /home/rasp7/colcon_ws/install
[0.687s] DEBUG:colcon.colcon_installed_package_information.package_discovery:Found 345 installed packages in /home/rasp7/ros2_humble/install
[0.690s] Level 1:colcon.colcon_core.package_discovery:discover_packages(prefix_path) using defaults
[0.723s] Level 5:colcon.colcon_core.verb:set package 'saved_image_publisher' build argument 'cmake_args' from command line to 'None'
[0.723s] Level 5:colcon.colcon_core.verb:set package 'saved_image_publisher' build argument 'cmake_target' from command line to 'None'
[0.723s] Level 5:colcon.colcon_core.verb:set package 'saved_image_publisher' build argument 'cmake_target_skip_unavailable' from command line to 'False'
[0.723s] Level 5:colcon.colcon_core.verb:set package 'saved_image_publisher' build argument 'cmake_clean_cache' from command line to 'False'
[0.723s] Level 5:colcon.colcon_core.verb:set package 'saved_image_publisher' build argument 'cmake_clean_first' from command line to 'False'
[0.723s] Level 5:colcon.colcon_core.verb:set package 'saved_image_publisher' build argument 'cmake_force_configure' from command line to 'False'
[0.723s] Level 5:colcon.colcon_core.verb:set package 'saved_image_publisher' build argument 'ament_cmake_args' from command line to 'None'
[0.723s] Level 5:colcon.colcon_core.verb:set package 'saved_image_publisher' build argument 'catkin_cmake_args' from command line to 'None'
[0.723s] Level 5:colcon.colcon_core.verb:set package 'saved_image_publisher' build argument 'catkin_skip_building_tests' from command line to 'False'
[0.723s] DEBUG:colcon.colcon_core.verb:Building package 'saved_image_publisher' with the following arguments: {'ament_cmake_args': None, 'build_base': '/home/rasp7/ws_publish/build/saved_image_publisher', 'catkin_cmake_args': None, 'catkin_skip_building_tests': False, 'cmake_args': None, 'cmake_clean_cache': False, 'cmake_clean_first': False, 'cmake_force_configure': False, 'cmake_target': None, 'cmake_target_skip_unavailable': False, 'install_base': '/home/rasp7/ws_publish/install/saved_image_publisher', 'merge_install': False, 'path': '/home/rasp7/ws_publish/src/saved_image_publisher', 'symlink_install': False, 'test_result_base': None}
[0.723s] INFO:colcon.colcon_core.executor:Executing jobs using 'parallel' executor
[0.725s] DEBUG:colcon.colcon_parallel_executor.executor.parallel:run_until_complete
[0.725s] INFO:colcon.colcon_ros.task.ament_python.build:Building ROS package in '/home/rasp7/ws_publish/src/saved_image_publisher' with build type 'ament_python'
[0.725s] Level 1:colcon.colcon_core.shell:create_environment_hook('saved_image_publisher', 'ament_prefix_path')
[0.732s] INFO:colcon.colcon_core.plugin_system:Skipping extension 'colcon_core.shell.bat': Not used on non-Windows systems
[0.732s] INFO:colcon.colcon_core.shell:Creating environment hook '/home/rasp7/ws_publish/install/saved_image_publisher/share/saved_image_publisher/hook/ament_prefix_path.ps1'
[0.733s] INFO:colcon.colcon_core.shell:Creating environment descriptor '/home/rasp7/ws_publish/install/saved_image_publisher/share/saved_image_publisher/hook/ament_prefix_path.dsv'
[0.733s] INFO:colcon.colcon_core.shell:Creating environment hook '/home/rasp7/ws_publish/install/saved_image_publisher/share/saved_image_publisher/hook/ament_prefix_path.sh'
[0.734s] INFO:colcon.colcon_core.shell:Skip shell extension 'powershell' for command environment: Not usable outside of PowerShell
[0.734s] DEBUG:colcon.colcon_core.shell:Skip shell extension 'dsv' for command environment
[1.681s] INFO:colcon.colcon_core.task.python.build:Building Python package in '/home/rasp7/ws_publish/src/saved_image_publisher'
[1.681s] INFO:colcon.colcon_core.shell:Skip shell extension 'powershell' for command environment: Not usable outside of PowerShell
[1.681s] DEBUG:colcon.colcon_core.shell:Skip shell extension 'dsv' for command environment
[3.412s] DEBUG:colcon.colcon_core.event_handler.log_command:Invoking command in '/home/rasp7/ws_publish/src/saved_image_publisher': PYTHONPATH=/home/rasp7/ws_publish/build/saved_image_publisher/prefix_override:/usr/lib/python3/dist-packages/colcon_core/task/python/colcon_distutils_commands:/home/rasp7/ws_publish/install/saved_image_publisher/lib/python3.11/site-packages:${PYTHONPATH} /usr/bin/python3 -W ignore:setup.py install is deprecated setup.py egg_info --egg-base ../../build/saved_image_publisher build --build-base /home/rasp7/ws_publish/build/saved_image_publisher/build install --record /home/rasp7/ws_publish/build/saved_image_publisher/install.log --single-version-externally-managed install_data
[4.902s] DEBUG:colcon.colcon_core.event_handler.log_command:Invoked command in '/home/rasp7/ws_publish/src/saved_image_publisher' returned '0': PYTHONPATH=/home/rasp7/ws_publish/build/saved_image_publisher/prefix_override:/usr/lib/python3/dist-packages/colcon_core/task/python/colcon_distutils_commands:/home/rasp7/ws_publish/install/saved_image_publisher/lib/python3.11/site-packages:${PYTHONPATH} /usr/bin/python3 -W ignore:setup.py install is deprecated setup.py egg_info --egg-base ../../build/saved_image_publisher build --build-base /home/rasp7/ws_publish/build/saved_image_publisher/build install --record /home/rasp7/ws_publish/build/saved_image_publisher/install.log --single-version-externally-managed install_data
[4.909s] Level 1:colcon.colcon_core.environment:checking '/home/rasp7/ws_publish/install/saved_image_publisher' for CMake module files
[4.909s] Level 1:colcon.colcon_core.environment:checking '/home/rasp7/ws_publish/install/saved_image_publisher' for CMake config files
[4.910s] Level 1:colcon.colcon_core.environment:checking '/home/rasp7/ws_publish/install/saved_image_publisher/lib'
[4.910s] Level 1:colcon.colcon_core.environment:checking '/home/rasp7/ws_publish/install/saved_image_publisher/bin'
[4.910s] Level 1:colcon.colcon_core.environment:checking '/home/rasp7/ws_publish/install/saved_image_publisher/lib/pkgconfig/saved_image_publisher.pc'
[4.910s] Level 1:colcon.colcon_core.environment:checking '/home/rasp7/ws_publish/install/saved_image_publisher/lib/python3.11/site-packages'
[4.910s] Level 1:colcon.colcon_core.shell:create_environment_hook('saved_image_publisher', 'pythonpath')
[4.911s] INFO:colcon.colcon_core.shell:Creating environment hook '/home/rasp7/ws_publish/install/saved_image_publisher/share/saved_image_publisher/hook/pythonpath.ps1'
[4.911s] INFO:colcon.colcon_core.shell:Creating environment descriptor '/home/rasp7/ws_publish/install/saved_image_publisher/share/saved_image_publisher/hook/pythonpath.dsv'
[4.911s] INFO:colcon.colcon_core.shell:Creating environment hook '/home/rasp7/ws_publish/install/saved_image_publisher/share/saved_image_publisher/hook/pythonpath.sh'
[4.912s] Level 1:colcon.colcon_core.environment:checking '/home/rasp7/ws_publish/install/saved_image_publisher/bin'
[4.912s] Level 1:colcon.colcon_core.environment:create_environment_scripts_only(saved_image_publisher)
[4.912s] INFO:colcon.colcon_core.shell:Creating package script '/home/rasp7/ws_publish/install/saved_image_publisher/share/saved_image_publisher/package.ps1'
[4.913s] INFO:colcon.colcon_core.shell:Creating package descriptor '/home/rasp7/ws_publish/install/saved_image_publisher/share/saved_image_publisher/package.dsv'
[4.914s] INFO:colcon.colcon_core.shell:Creating package script '/home/rasp7/ws_publish/install/saved_image_publisher/share/saved_image_publisher/package.sh'
[4.914s] INFO:colcon.colcon_core.shell:Creating package script '/home/rasp7/ws_publish/install/saved_image_publisher/share/saved_image_publisher/package.bash'
[4.915s] INFO:colcon.colcon_core.shell:Creating package script '/home/rasp7/ws_publish/install/saved_image_publisher/share/saved_image_publisher/package.zsh'
[4.915s] Level 1:colcon.colcon_core.environment:create_file_with_runtime_dependencies(/home/rasp7/ws_publish/install/saved_image_publisher/share/colcon-core/packages/saved_image_publisher)
[4.916s] DEBUG:colcon.colcon_parallel_executor.executor.parallel:closing loop
[4.916s] DEBUG:colcon.colcon_parallel_executor.executor.parallel:loop closed
[4.916s] DEBUG:colcon.colcon_parallel_executor.executor.parallel:run_until_complete finished with '0'
[4.916s] DEBUG:colcon.colcon_core.event_reactor:joining thread
[4.933s] INFO:colcon.colcon_core.plugin_system:Skipping extension 'colcon_notification.desktop_notification.notify_send': Could not find 'notify-send'
[4.933s] INFO:colcon.colcon_core.plugin_system:Skipping extension 'colcon_notification.desktop_notification.terminal_notifier': Not used on non-Darwin systems
[4.933s] INFO:colcon.colcon_core.plugin_system:Skipping extension 'colcon_notification.desktop_notification.win32': Not used on non-Windows systems
[4.933s] INFO:colcon.colcon_notification.desktop_notification:Sending desktop notification using 'notify2'
[4.934s] DEBUG:colcon.colcon_notification.desktop_notification.notify2:Failed to initialize notify2: org.freedesktop.DBus.Error.ServiceUnknown: The name org.freedesktop.Notifications was not provided by any .service files
[4.934s] DEBUG:colcon.colcon_core.event_reactor:joined thread
[4.935s] INFO:colcon.colcon_core.shell:Creating prefix script '/home/rasp7/ws_publish/install/local_setup.ps1'
[4.936s] INFO:colcon.colcon_core.shell:Creating prefix util module '/home/rasp7/ws_publish/install/_local_setup_util_ps1.py'
[4.937s] INFO:colcon.colcon_core.shell:Creating prefix chain script '/home/rasp7/ws_publish/install/setup.ps1'
[4.953s] INFO:colcon.colcon_core.shell:Creating prefix script '/home/rasp7/ws_publish/install/local_setup.sh'
[4.954s] INFO:colcon.colcon_core.shell:Creating prefix util module '/home/rasp7/ws_publish/install/_local_setup_util_sh.py'
[4.954s] INFO:colcon.colcon_core.shell:Creating prefix chain script '/home/rasp7/ws_publish/install/setup.sh'
[4.967s] INFO:colcon.colcon_core.shell:Creating prefix script '/home/rasp7/ws_publish/install/local_setup.bash'
[4.968s] INFO:colcon.colcon_core.shell:Creating prefix chain script '/home/rasp7/ws_publish/install/setup.bash'
[4.980s] INFO:colcon.colcon_core.shell:Creating prefix script '/home/rasp7/ws_publish/install/local_setup.zsh'
[4.981s] INFO:colcon.colcon_core.shell:Creating prefix chain script '/home/rasp7/ws_publish/install/setup.zsh'
