running egg_info
writing ../../build/saved_image_publisher/saved_image_publisher.egg-info/PKG-INFO
writing dependency_links to ../../build/saved_image_publisher/saved_image_publisher.egg-info/dependency_links.txt
writing entry points to ../../build/saved_image_publisher/saved_image_publisher.egg-info/entry_points.txt
writing requirements to ../../build/saved_image_publisher/saved_image_publisher.egg-info/requires.txt
writing top-level names to ../../build/saved_image_publisher/saved_image_publisher.egg-info/top_level.txt
reading manifest file '../../build/saved_image_publisher/saved_image_publisher.egg-info/SOURCES.txt'
writing manifest file '../../build/saved_image_publisher/saved_image_publisher.egg-info/SOURCES.txt'
running build
running build_py
copying saved_image_publisher/image_sender.py -> /home/rasp7/ws_publish/build/saved_image_publisher/build/lib/saved_image_publisher
running install
running install_lib
copying /home/rasp7/ws_publish/build/saved_image_publisher/build/lib/saved_image_publisher/image_sender.py -> /home/rasp7/ws_publish/install/saved_image_publisher/lib/python3.11/site-packages/saved_image_publisher
byte-compiling /home/rasp7/ws_publish/install/saved_image_publisher/lib/python3.11/site-packages/saved_image_publisher/image_sender.py to image_sender.cpython-311.pyc
running install_data
running install_egg_info
removing '/home/rasp7/ws_publish/install/saved_image_publisher/lib/python3.11/site-packages/saved_image_publisher-0.0.0-py3.11.egg-info' (and everything under it)
Copying ../../build/saved_image_publisher/saved_image_publisher.egg-info to /home/rasp7/ws_publish/install/saved_image_publisher/lib/python3.11/site-packages/saved_image_publisher-0.0.0-py3.11.egg-info
running install_scripts
Installing image_sender script to /home/rasp7/ws_publish/install/saved_image_publisher/lib/saved_image_publisher
writing list of installed files to '/home/rasp7/ws_publish/build/saved_image_publisher/install.log'
