[2.687s] Invoking command in '/home/rasp7/ws_publish/src/saved_image_publisher': PYTHONPATH=/home/rasp7/ws_publish/build/saved_image_publisher/prefix_override:/usr/lib/python3/dist-packages/colcon_core/task/python/colcon_distutils_commands:/home/rasp7/ws_publish/install/saved_image_publisher/lib/python3.11/site-packages:${PYTHONPATH} /usr/bin/python3 -W ignore:setup.py install is deprecated setup.py egg_info --egg-base ../../build/saved_image_publisher build --build-base /home/rasp7/ws_publish/build/saved_image_publisher/build install --record /home/rasp7/ws_publish/build/saved_image_publisher/install.log --single-version-externally-managed install_data
[3.614s] running egg_info
[3.652s] writing ../../build/saved_image_publisher/saved_image_publisher.egg-info/PKG-INFO
[3.653s] writing dependency_links to ../../build/saved_image_publisher/saved_image_publisher.egg-info/dependency_links.txt
[3.653s] writing entry points to ../../build/saved_image_publisher/saved_image_publisher.egg-info/entry_points.txt
[3.653s] writing requirements to ../../build/saved_image_publisher/saved_image_publisher.egg-info/requires.txt
[3.653s] writing top-level names to ../../build/saved_image_publisher/saved_image_publisher.egg-info/top_level.txt
[3.725s] reading manifest file '../../build/saved_image_publisher/saved_image_publisher.egg-info/SOURCES.txt'
[3.726s] writing manifest file '../../build/saved_image_publisher/saved_image_publisher.egg-info/SOURCES.txt'
[3.726s] running build
[3.726s] running build_py
[3.726s] copying saved_image_publisher/image_sender.py -> /home/rasp7/ws_publish/build/saved_image_publisher/build/lib/saved_image_publisher
[3.726s] running install
[3.740s] running install_lib
[3.776s] copying /home/rasp7/ws_publish/build/saved_image_publisher/build/lib/saved_image_publisher/image_sender.py -> /home/rasp7/ws_publish/install/saved_image_publisher/lib/python3.11/site-packages/saved_image_publisher
[3.779s] byte-compiling /home/rasp7/ws_publish/install/saved_image_publisher/lib/python3.11/site-packages/saved_image_publisher/image_sender.py to image_sender.cpython-311.pyc
[3.780s] running install_data
[3.781s] running install_egg_info
[3.881s] removing '/home/rasp7/ws_publish/install/saved_image_publisher/lib/python3.11/site-packages/saved_image_publisher-0.0.0-py3.11.egg-info' (and everything under it)
[3.881s] Copying ../../build/saved_image_publisher/saved_image_publisher.egg-info to /home/rasp7/ws_publish/install/saved_image_publisher/lib/python3.11/site-packages/saved_image_publisher-0.0.0-py3.11.egg-info
[3.882s] running install_scripts
[4.033s] Installing image_sender script to /home/rasp7/ws_publish/install/saved_image_publisher/lib/saved_image_publisher
[4.034s] writing list of installed files to '/home/rasp7/ws_publish/build/saved_image_publisher/install.log'
[4.177s] Invoked command in '/home/rasp7/ws_publish/src/saved_image_publisher' returned '0': PYTHONPATH=/home/rasp7/ws_publish/build/saved_image_publisher/prefix_override:/usr/lib/python3/dist-packages/colcon_core/task/python/colcon_distutils_commands:/home/rasp7/ws_publish/install/saved_image_publisher/lib/python3.11/site-packages:${PYTHONPATH} /usr/bin/python3 -W ignore:setup.py install is deprecated setup.py egg_info --egg-base ../../build/saved_image_publisher build --build-base /home/rasp7/ws_publish/build/saved_image_publisher/build install --record /home/rasp7/ws_publish/build/saved_image_publisher/install.log --single-version-externally-managed install_data
